# JRE version: OpenJDK Runtime Environment Temurin-21.0.7+6 (21.0.7+6) (build 21.0.7+6-LTS)
# Java VM: OpenJDK 64-Bit Server VM Temurin-21.0.7+6 (21.0.7+6-LTS, mixed mode, sharing, tiered, compressed oops, compressed class ptrs, parallel gc, windows-amd64)
GC Precious Log:
 CardTable entry size: 512
 CPUs: 8 total, 8 available
 Memory: 7975M
 Large Page Support: Disabled
 NUMA Support: Disabled
 Compressed Oops: Enabled (32-bit)
 Alignments: Space 512K, Generation 512K, Heap 2M
 Heap Min Capacity: 100M
 Heap Initial Capacity: 100M
 Heap Max Capacity: 2G
 Pre-touch: Disabled
 Parallel Workers: 8
Heap:
 PSYoungGen      total 11776K, used 10852K [0x00000000d5580000, 0x00000000d6500000, 0x0000000100000000)
  eden space 7168K, 99% used [0x00000000d5580000,0x00000000d5c7ffd0,0x00000000d5c80000)
  from space 4608K, 79% used [0x00000000d5c80000,0x00000000d6019268,0x00000000d6100000)
  to   space 4096K, 24% used [0x00000000d6100000,0x00000000d61fc010,0x00000000d6500000)
 ParOldGen       total 504832K, used 504830K [0x0000000080000000, 0x000000009ed00000, 0x00000000d5580000)
  object space 504832K, 99% used [0x0000000080000000,0x000000009ecff830,0x000000009ed00000)
 Metaspace       used 66667K, committed 68096K, reserved 1114112K
  class space    used 6973K, committed 7616K, reserved 1048576K
GC Heap History (20 events):
Event: 59.725 GC heap before
{Heap before GC invocations=225 (full 3):
 PSYoungGen      total 2560K, used 2368K [0x00000000d5580000, 0x00000000d5c00000, 0x0000000100000000)
  eden space 1536K, 100% used [0x00000000d5580000,0x00000000d5700000,0x00000000d5700000)
  from space 1024K, 81% used [0x00000000d5a00000,0x00000000d5ad0000,0x00000000d5b00000)
  to   space 1024K, 0% used [0x00000000d5b00000,0x00000000d5b00000,0x00000000d5c00000)
 ParOldGen       total 483328K, used 483232K [0x0000000080000000, 0x000000009d800000, 0x00000000d5580000)
  object space 483328K, 99% used [0x0000000080000000,0x000000009d7e83a8,0x000000009d800000)
 Metaspace       used 65820K, committed 67264K, reserved 1114112K
  class space    used 6917K, committed 7552K, reserved 1048576K
}
Event: 59.727 GC heap after
{Heap after GC invocations=225 (full 3):
 PSYoungGen      total 3072K, used 1024K [0x00000000d5580000, 0x00000000d5c80000, 0x0000000100000000)
  eden space 2048K, 0% used [0x00000000d5580000,0x00000000d5580000,0x00000000d5780000)
  from space 1024K, 100% used [0x00000000d5b00000,0x00000000d5c00000,0x00000000d5c00000)
  to   space 2560K, 0% used [0x00000000d5780000,0x00000000d5780000,0x00000000d5a00000)
 ParOldGen       total 484352K, used 484176K [0x0000000080000000, 0x000000009d900000, 0x00000000d5580000)
  object space 484352K, 99% used [0x0000000080000000,0x000000009d8d43a8,0x000000009d900000)
 Metaspace       used 65820K, committed 67264K, reserved 1114112K
  class space    used 6917K, committed 7552K, reserved 1048576K
}
Event: 59.730 GC heap before
{Heap before GC invocations=226 (full 3):
 PSYoungGen      total 3072K, used 3072K [0x00000000d5580000, 0x00000000d5c80000, 0x0000000100000000)
  eden space 2048K, 100% used [0x00000000d5580000,0x00000000d5780000,0x00000000d5780000)
  from space 1024K, 100% used [0x00000000d5b00000,0x00000000d5c00000,0x00000000d5c00000)
  to   space 2560K, 0% used [0x00000000d5780000,0x00000000d5780000,0x00000000d5a00000)
 ParOldGen       total 484352K, used 484176K [0x0000000080000000, 0x000000009d900000, 0x00000000d5580000)
  object space 484352K, 99% used [0x0000000080000000,0x000000009d8d43a8,0x000000009d900000)
 Metaspace       used 65820K, committed 67264K, reserved 1114112K
  class space    used 6917K, committed 7552K, reserved 1048576K
}
Event: 59.733 GC heap after
{Heap after GC invocations=226 (full 3):
 PSYoungGen      total 4608K, used 1696K [0x00000000d5580000, 0x00000000d5c00000, 0x0000000100000000)
  eden space 2048K, 0% used [0x00000000d5580000,0x00000000d5580000,0x00000000d5780000)
  from space 2560K, 66% used [0x00000000d5780000,0x00000000d5928000,0x00000000d5a00000)
  to   space 2048K, 0% used [0x00000000d5a00000,0x00000000d5a00000,0x00000000d5c00000)
 ParOldGen       total 485376K, used 485192K [0x0000000080000000, 0x000000009da00000, 0x00000000d5580000)
  object space 485376K, 99% used [0x0000000080000000,0x000000009d9d23a8,0x000000009da00000)
 Metaspace       used 65820K, committed 67264K, reserved 1114112K
  class space    used 6917K, committed 7552K, reserved 1048576K
}
Event: 59.739 GC heap before
{Heap before GC invocations=227 (full 3):
 PSYoungGen      total 4608K, used 3744K [0x00000000d5580000, 0x00000000d5c00000, 0x0000000100000000)
  eden space 2048K, 100% used [0x00000000d5580000,0x00000000d5780000,0x00000000d5780000)
  from space 2560K, 66% used [0x00000000d5780000,0x00000000d5928000,0x00000000d5a00000)
  to   space 2048K, 0% used [0x00000000d5a00000,0x00000000d5a00000,0x00000000d5c00000)
 ParOldGen       total 485376K, used 485192K [0x0000000080000000, 0x000000009da00000, 0x00000000d5580000)
  object space 485376K, 99% used [0x0000000080000000,0x000000009d9d23a8,0x000000009da00000)
 Metaspace       used 65833K, committed 67264K, reserved 1114112K
  class space    used 6918K, committed 7552K, reserved 1048576K
}
Event: 59.742 GC heap after
{Heap after GC invocations=227 (full 3):
 PSYoungGen      total 4608K, used 1600K [0x00000000d5580000, 0x00000000d5c00000, 0x0000000100000000)
  eden space 2560K, 0% used [0x00000000d5580000,0x00000000d5580000,0x00000000d5800000)
  from space 2048K, 78% used [0x00000000d5a00000,0x00000000d5b90000,0x00000000d5c00000)
  to   space 2048K, 0% used [0x00000000d5800000,0x00000000d5800000,0x00000000d5a00000)
 ParOldGen       total 486912K, used 486792K [0x0000000080000000, 0x000000009db80000, 0x00000000d5580000)
  object space 486912K, 99% used [0x0000000080000000,0x000000009db623a8,0x000000009db80000)
 Metaspace       used 65833K, committed 67264K, reserved 1114112K
  class space    used 6918K, committed 7552K, reserved 1048576K
}
Event: 59.747 GC heap before
{Heap before GC invocations=228 (full 3):
 PSYoungGen      total 4608K, used 4160K [0x00000000d5580000, 0x00000000d5c00000, 0x0000000100000000)
  eden space 2560K, 100% used [0x00000000d5580000,0x00000000d5800000,0x00000000d5800000)
  from space 2048K, 78% used [0x00000000d5a00000,0x00000000d5b90000,0x00000000d5c00000)
  to   space 2048K, 0% used [0x00000000d5800000,0x00000000d5800000,0x00000000d5a00000)
 ParOldGen       total 486912K, used 486792K [0x0000000080000000, 0x000000009db80000, 0x00000000d5580000)
  object space 486912K, 99% used [0x0000000080000000,0x000000009db623a8,0x000000009db80000)
 Metaspace       used 65833K, committed 67264K, reserved 1114112K
  class space    used 6918K, committed 7552K, reserved 1048576K
}
Event: 59.750 GC heap after
{Heap after GC invocations=228 (full 3):
 PSYoungGen      total 4608K, used 2048K [0x00000000d5580000, 0x00000000d5d80000, 0x0000000100000000)
  eden space 2560K, 0% used [0x00000000d5580000,0x00000000d5580000,0x00000000d5800000)
  from space 2048K, 100% used [0x00000000d5800000,0x00000000d5a00000,0x00000000d5a00000)
  to   space 2560K, 0% used [0x00000000d5b00000,0x00000000d5b00000,0x00000000d5d80000)
 ParOldGen       total 488448K, used 488341K [0x0000000080000000, 0x000000009dd00000, 0x00000000d5580000)
  object space 488448K, 99% used [0x0000000080000000,0x000000009dce5648,0x000000009dd00000)
 Metaspace       used 65833K, committed 67264K, reserved 1114112K
  class space    used 6918K, committed 7552K, reserved 1048576K
}
Event: 59.754 GC heap before
{Heap before GC invocations=229 (full 3):
 PSYoungGen      total 4608K, used 4608K [0x00000000d5580000, 0x00000000d5d80000, 0x0000000100000000)
  eden space 2560K, 100% used [0x00000000d5580000,0x00000000d5800000,0x00000000d5800000)
  from space 2048K, 100% used [0x00000000d5800000,0x00000000d5a00000,0x00000000d5a00000)
  to   space 2560K, 0% used [0x00000000d5b00000,0x00000000d5b00000,0x00000000d5d80000)
 ParOldGen       total 488448K, used 488341K [0x0000000080000000, 0x000000009dd00000, 0x00000000d5580000)
  object space 488448K, 99% used [0x0000000080000000,0x000000009dce5648,0x000000009dd00000)
 Metaspace       used 65833K, committed 67264K, reserved 1114112K
  class space    used 6918K, committed 7552K, reserved 1048576K
}
Event: 59.757 GC heap after
{Heap after GC invocations=229 (full 3):
 PSYoungGen      total 5120K, used 2016K [0x00000000d5580000, 0x00000000d5d00000, 0x0000000100000000)
  eden space 3072K, 0% used [0x00000000d5580000,0x00000000d5580000,0x00000000d5880000)
  from space 2048K, 98% used [0x00000000d5b00000,0x00000000d5cf8000,0x00000000d5d00000)
  to   space 2048K, 0% used [0x00000000d5900000,0x00000000d5900000,0x00000000d5b00000)
 ParOldGen       total 490496K, used 490317K [0x0000000080000000, 0x000000009df00000, 0x00000000d5580000)
  object space 490496K, 99% used [0x0000000080000000,0x000000009ded3648,0x000000009df00000)
 Metaspace       used 65833K, committed 67264K, reserved 1114112K
  class space    used 6918K, committed 7552K, reserved 1048576K
}
Event: 59.762 GC heap before
{Heap before GC invocations=230 (full 3):
 PSYoungGen      total 5120K, used 5088K [0x00000000d5580000, 0x00000000d5d00000, 0x0000000100000000)
  eden space 3072K, 100% used [0x00000000d5580000,0x00000000d5880000,0x00000000d5880000)
  from space 2048K, 98% used [0x00000000d5b00000,0x00000000d5cf8000,0x00000000d5d00000)
  to   space 2048K, 0% used [0x00000000d5900000,0x00000000d5900000,0x00000000d5b00000)
 ParOldGen       total 490496K, used 490317K [0x0000000080000000, 0x000000009df00000, 0x00000000d5580000)
  object space 490496K, 99% used [0x0000000080000000,0x000000009ded3648,0x000000009df00000)
 Metaspace       used 65870K, committed 67328K, reserved 1114112K
  class space    used 6921K, committed 7552K, reserved 1048576K
}
Event: 59.766 GC heap after
{Heap after GC invocations=230 (full 3):
 PSYoungGen      total 5632K, used 2048K [0x00000000d5580000, 0x00000000d6280000, 0x0000000100000000)
  eden space 3584K, 0% used [0x00000000d5580000,0x00000000d5580000,0x00000000d5900000)
  from space 2048K, 100% used [0x00000000d5900000,0x00000000d5b00000,0x00000000d5b00000)
  to   space 4608K, 0% used [0x00000000d5e00000,0x00000000d5e00000,0x00000000d6280000)
 ParOldGen       total 492544K, used 492389K [0x0000000080000000, 0x000000009e100000, 0x00000000d5580000)
  object space 492544K, 99% used [0x0000000080000000,0x000000009e0d9648,0x000000009e100000)
 Metaspace       used 65870K, committed 67328K, reserved 1114112K
  class space    used 6921K, committed 7552K, reserved 1048576K
}
Event: 59.772 GC heap before
{Heap before GC invocations=231 (full 3):
 PSYoungGen      total 5632K, used 5632K [0x00000000d5580000, 0x00000000d6280000, 0x0000000100000000)
  eden space 3584K, 100% used [0x00000000d5580000,0x00000000d5900000,0x00000000d5900000)
  from space 2048K, 100% used [0x00000000d5900000,0x00000000d5b00000,0x00000000d5b00000)
  to   space 4608K, 0% used [0x00000000d5e00000,0x00000000d5e00000,0x00000000d6280000)
 ParOldGen       total 492544K, used 492389K [0x0000000080000000, 0x000000009e100000, 0x00000000d5580000)
  object space 492544K, 99% used [0x0000000080000000,0x000000009e0d9648,0x000000009e100000)
 Metaspace       used 65923K, committed 67392K, reserved 1114112K
  class space    used 6927K, committed 7552K, reserved 1048576K
}
Event: 59.775 GC heap after
{Heap after GC invocations=231 (full 3):
 PSYoungGen      total 7168K, used 2484K [0x00000000d5580000, 0x00000000d6080000, 0x0000000100000000)
  eden space 4608K, 0% used [0x00000000d5580000,0x00000000d5580000,0x00000000d5a00000)
  from space 2560K, 97% used [0x00000000d5e00000,0x00000000d606d3e0,0x00000000d6080000)
  to   space 3072K, 0% used [0x00000000d5a80000,0x00000000d5a80000,0x00000000d5d80000)
 ParOldGen       total 494592K, used 494454K [0x0000000080000000, 0x000000009e300000, 0x00000000d5580000)
  object space 494592K, 99% used [0x0000000080000000,0x000000009e2ddaa8,0x000000009e300000)
 Metaspace       used 65923K, committed 67392K, reserved 1114112K
  class space    used 6927K, committed 7552K, reserved 1048576K
}
Event: 59.782 GC heap before
{Heap before GC invocations=232 (full 3):
 PSYoungGen      total 7168K, used 7092K [0x00000000d5580000, 0x00000000d6080000, 0x0000000100000000)
  eden space 4608K, 100% used [0x00000000d5580000,0x00000000d5a00000,0x00000000d5a00000)
  from space 2560K, 97% used [0x00000000d5e00000,0x00000000d606d3e0,0x00000000d6080000)
  to   space 3072K, 0% used [0x00000000d5a80000,0x00000000d5a80000,0x00000000d5d80000)
 ParOldGen       total 494592K, used 494454K [0x0000000080000000, 0x000000009e300000, 0x00000000d5580000)
  object space 494592K, 99% used [0x0000000080000000,0x000000009e2ddaa8,0x000000009e300000)
 Metaspace       used 65951K, committed 67392K, reserved 1114112K
  class space    used 6928K, committed 7552K, reserved 1048576K
}
Event: 59.787 GC heap after
{Heap after GC invocations=232 (full 3):
 PSYoungGen      total 8192K, used 3041K [0x00000000d5580000, 0x00000000d6800000, 0x0000000100000000)
  eden space 5120K, 0% used [0x00000000d5580000,0x00000000d5580000,0x00000000d5a80000)
  from space 3072K, 98% used [0x00000000d5a80000,0x00000000d5d784a0,0x00000000d5d80000)
  to   space 6656K, 0% used [0x00000000d6180000,0x00000000d6180000,0x00000000d6800000)
 ParOldGen       total 497664K, used 497278K [0x0000000080000000, 0x000000009e600000, 0x00000000d5580000)
  object space 497664K, 99% used [0x0000000080000000,0x000000009e59faa8,0x000000009e600000)
 Metaspace       used 65951K, committed 67392K, reserved 1114112K
  class space    used 6928K, committed 7552K, reserved 1048576K
}
Event: 59.798 GC heap before
{Heap before GC invocations=233 (full 3):
 PSYoungGen      total 8192K, used 8161K [0x00000000d5580000, 0x00000000d6800000, 0x0000000100000000)
  eden space 5120K, 100% used [0x00000000d5580000,0x00000000d5a80000,0x00000000d5a80000)
  from space 3072K, 98% used [0x00000000d5a80000,0x00000000d5d784a0,0x00000000d5d80000)
  to   space 6656K, 0% used [0x00000000d6180000,0x00000000d6180000,0x00000000d6800000)
 ParOldGen       total 497664K, used 497278K [0x0000000080000000, 0x000000009e600000, 0x00000000d5580000)
  object space 497664K, 99% used [0x0000000080000000,0x000000009e59faa8,0x000000009e600000)
 Metaspace       used 66010K, committed 67456K, reserved 1114112K
  class space    used 6931K, committed 7552K, reserved 1048576K
}
Event: 59.802 GC heap after
{Heap after GC invocations=233 (full 3):
 PSYoungGen      total 10240K, used 3826K [0x00000000d5580000, 0x00000000d6580000, 0x0000000100000000)
  eden space 6144K, 0% used [0x00000000d5580000,0x00000000d5580000,0x00000000d5b80000)
  from space 4096K, 93% used [0x00000000d6180000,0x00000000d653c830,0x00000000d6580000)
  to   space 4608K, 0% used [0x00000000d5c80000,0x00000000d5c80000,0x00000000d6100000)
 ParOldGen       total 500224K, used 500211K [0x0000000080000000, 0x000000009e880000, 0x00000000d5580000)
  object space 500224K, 99% used [0x0000000080000000,0x000000009e87cd88,0x000000009e880000)
 Metaspace       used 66010K, committed 67456K, reserved 1114112K
  class space    used 6931K, committed 7552K, reserved 1048576K
}
Event: 59.826 GC heap before
{Heap before GC invocations=234 (full 3):
 PSYoungGen      total 10240K, used 9969K [0x00000000d5580000, 0x00000000d6580000, 0x0000000100000000)
  eden space 6144K, 99% used [0x00000000d5580000,0x00000000d5b7ff90,0x00000000d5b80000)
  from space 4096K, 93% used [0x00000000d6180000,0x00000000d653c830,0x00000000d6580000)
  to   space 4608K, 0% used [0x00000000d5c80000,0x00000000d5c80000,0x00000000d6100000)
 ParOldGen       total 500224K, used 500211K [0x0000000080000000, 0x000000009e880000, 0x00000000d5580000)
  object space 500224K, 99% used [0x0000000080000000,0x000000009e87cd88,0x000000009e880000)
 Metaspace       used 66167K, committed 67584K, reserved 1114112K
  class space    used 6938K, committed 7552K, reserved 1048576K
}
Event: 59.831 GC heap after
{Heap after GC invocations=234 (full 3):
 PSYoungGen      total 11776K, used 3684K [0x00000000d5580000, 0x00000000d6500000, 0x0000000100000000)
  eden space 7168K, 0% used [0x00000000d5580000,0x00000000d5580000,0x00000000d5c80000)
  from space 4608K, 79% used [0x00000000d5c80000,0x00000000d6019268,0x00000000d6100000)
  to   space 4096K, 0% used [0x00000000d6100000,0x00000000d6100000,0x00000000d6500000)
 ParOldGen       total 504320K, used 503878K [0x0000000080000000, 0x000000009ec80000, 0x00000000d5580000)
  object space 504320K, 99% used [0x0000000080000000,0x000000009ec11830,0x000000009ec80000)
 Metaspace       used 66167K, committed 67584K, reserved 1114112K
  class space    used 6938K, committed 7552K, reserved 1048576K
}

